<?xml version="1.0" encoding="UTF-8"?>
<!-- Generated by org.testng.reporters.JUnitReportReporter -->
<testsuite name="Automation.VatEngine.GCCTest" tests="18" time="0.020" ignored="0" failures="0" timestamp="17 Dec 2018 12:16:46 GMT" skipped="17" hostname="Av-Pn-ReshmaM" errors="1">
  <testcase name="ExportOfGoodsBENL_KSA_UAE_nonRes_to_nonRes" time="0.001" classname="Automation.VatEngine.GCCTest">
    <skipped/>
  </testcase> <!-- ExportOfGoodsBENL_KSA_UAE_nonRes_to_nonRes -->
  <testcase name="LocalTransportGoodsByNonResCompToUAERegComp" time="0.000" classname="Automation.VatEngine.GCCTest">
    <skipped/>
  </testcase> <!-- LocalTransportGoodsByNonResCompToUAERegComp -->
  <testcase name="Export_GoodUAE_To_KSA_By_nonRes_to_KSA_VAT_regCo" time="0.000" classname="Automation.VatEngine.GCCTest">
    <skipped/>
  </testcase> <!-- Export_GoodUAE_To_KSA_By_nonRes_to_KSA_VAT_regCo -->
  <testcase name="ExportOfGoodsBE_to_UAE_by_nonRes_to_UAE_VAT_regCo" time="0.001" classname="Automation.VatEngine.GCCTest">
    <skipped/>
  </testcase> <!-- ExportOfGoodsBE_to_UAE_by_nonRes_to_UAE_VAT_regCo -->
  <testcase name="BE_NL_shipFromAE_shipToAE_goods" time="0.001" classname="Automation.VatEngine.GCCTest">
    <skipped/>
  </testcase> <!-- BE_NL_shipFromAE_shipToAE_goods -->
  <testcase name="BE_AEcompany_service" time="0.002" classname="Automation.VatEngine.GCCTest">
    <skipped/>
  </testcase> <!-- BE_AEcompany_service -->
  <testcase name="LocalTransportGoodsByNonResCompToUAENonResComp" time="0.001" classname="Automation.VatEngine.GCCTest">
    <skipped/>
  </testcase> <!-- LocalTransportGoodsByNonResCompToUAENonResComp -->
  <testcase name="Export_GoodKSA_To_UAE_By_nonRes_to_UAE_VAT_regCo" time="0.001" classname="Automation.VatEngine.GCCTest">
    <skipped/>
  </testcase> <!-- Export_GoodKSA_To_UAE_By_nonRes_to_UAE_VAT_regCo -->
  <testcase name="BE_AEcompany_goods" time="0.001" classname="Automation.VatEngine.GCCTest">
    <skipped/>
  </testcase> <!-- BE_AEcompany_goods -->
  <testcase name="LocalTransportGoodsByNonResCompToUAENonResPrivCompany" time="0.002" classname="Automation.VatEngine.GCCTest">
    <skipped/>
  </testcase> <!-- LocalTransportGoodsByNonResCompToUAENonResPrivCompany -->
  <testcase name="ExportOfGoodsBEnl_UAE_KSA_nonRes_to_nonRes" time="0.001" classname="Automation.VatEngine.GCCTest">
    <skipped/>
  </testcase> <!-- ExportOfGoodsBEnl_UAE_KSA_nonRes_to_nonRes -->
  <testcase name="LocalSaleGoods_KSA_KSA_toRegisteredKSAComp" time="0.000" classname="Automation.VatEngine.GCCTest">
    <skipped/>
  </testcase> <!-- LocalSaleGoods_KSA_KSA_toRegisteredKSAComp -->
  <testcase name="LocalSaleServicesB2B_KSA_KSA_toRegisteredKSAComp" time="0.003" classname="Automation.VatEngine.GCCTest">
    <skipped/>
  </testcase> <!-- LocalSaleServicesB2B_KSA_KSA_toRegisteredKSAComp -->
  <testcase name="ExportOfGoodsBE_to_UAE_by_nonRes_to_KSA_VAT_regCo" time="0.001" classname="Automation.VatEngine.GCCTest">
    <skipped/>
  </testcase> <!-- ExportOfGoodsBE_to_UAE_by_nonRes_to_KSA_VAT_regCo -->
  <testcase name="BE_AEcompany_goodsGold" time="0.001" classname="Automation.VatEngine.GCCTest">
    <skipped/>
  </testcase> <!-- BE_AEcompany_goodsGold -->
  <testcase name="LocalSaleServices_UAE_UAE_toRegisteredUAEComp" time="0.001" classname="Automation.VatEngine.GCCTest">
    <skipped/>
  </testcase> <!-- LocalSaleServices_UAE_UAE_toRegisteredUAEComp -->
  <testcase name="LocalSaleGoods_UAE_UAE_toRegistered_UAECompany" time="0.003" classname="Automation.VatEngine.GCCTest">
    <skipped/>
  </testcase> <!-- LocalSaleGoods_UAE_UAE_toRegistered_UAECompany -->
  <testcase name="beforeLogin" time="0.000" classname="Automation.VatEngine.GCCTest">
    <error type="org.openqa.selenium.WebDriverException" message="unknown error: cannot determine loading status
from unknown error: cannot determine loading status
from disconnected: received Inspector.detached event
  (Session info: chrome=71.0.3578.80)
  (Driver info: chromedriver=2.38.552522 (437e6fbedfa8762dec75e2c5b3ddb86763dc9dcb),platform=Windows NT 10.0.14393 x86_64) (WARNING: The server did not provide any stacktrace information)
Command duration or timeout: 1.53 seconds
Build info: version: &#039;3.0.1&#039;, revision: &#039;1969d75&#039;, time: &#039;2016-10-18 09:49:13 -0700&#039;
System info: host: &#039;Av-Pn-ReshmaM&#039;, ip: &#039;10.240.40.128&#039;, os.name: &#039;Windows 10&#039;, os.arch: &#039;amd64&#039;, os.version: &#039;10.0&#039;, java.version: &#039;1.8.0_191&#039;
Driver info: org.openqa.selenium.chrome.ChromeDriver
Capabilities [{applicationCacheEnabled=false, rotatable=false, mobileEmulationEnabled=false, networkConnectionEnabled=false, chrome={chromedriverVersion=2.38.552522 (437e6fbedfa8762dec75e2c5b3ddb86763dc9dcb), userDataDir=C:\Users\RESHMA~1.MAR\AppData\Local\Temp\scoped_dir3256_18397}, takesHeapSnapshot=true, pageLoadStrategy=normal, databaseEnabled=false, handlesAlerts=true, hasTouchScreen=false, version=71.0.3578.80, platform=XP, browserConnectionEnabled=false, nativeEvents=true, acceptSslCerts=false, acceptInsecureCerts=false, locationContextEnabled=true, webStorageEnabled=true, browserName=chrome, takesScreenshot=true, javascriptEnabled=true, cssSelectorsEnabled=true, setWindowRect=true, unexpectedAlertBehaviour=}]
Session ID: cbc77ac4bd02f1e499800c3f2e11e285">
      <![CDATA[org.openqa.selenium.WebDriverException: unknown error: cannot determine loading status
from unknown error: cannot determine loading status
from disconnected: received Inspector.detached event
  (Session info: chrome=71.0.3578.80)
  (Driver info: chromedriver=2.38.552522 (437e6fbedfa8762dec75e2c5b3ddb86763dc9dcb),platform=Windows NT 10.0.14393 x86_64) (WARNING: The server did not provide any stacktrace information)
Command duration or timeout: 1.53 seconds
Build info: version: '3.0.1', revision: '1969d75', time: '2016-10-18 09:49:13 -0700'
System info: host: 'Av-Pn-ReshmaM', ip: '10.240.40.128', os.name: 'Windows 10', os.arch: 'amd64', os.version: '10.0', java.version: '1.8.0_191'
Driver info: org.openqa.selenium.chrome.ChromeDriver
Capabilities [{applicationCacheEnabled=false, rotatable=false, mobileEmulationEnabled=false, networkConnectionEnabled=false, chrome={chromedriverVersion=2.38.552522 (437e6fbedfa8762dec75e2c5b3ddb86763dc9dcb), userDataDir=C:\Users\RESHMA~1.MAR\AppData\Local\Temp\scoped_dir3256_18397}, takesHeapSnapshot=true, pageLoadStrategy=normal, databaseEnabled=false, handlesAlerts=true, hasTouchScreen=false, version=71.0.3578.80, platform=XP, browserConnectionEnabled=false, nativeEvents=true, acceptSslCerts=false, acceptInsecureCerts=false, locationContextEnabled=true, webStorageEnabled=true, browserName=chrome, takesScreenshot=true, javascriptEnabled=true, cssSelectorsEnabled=true, setWindowRect=true, unexpectedAlertBehaviour=}]
Session ID: cbc77ac4bd02f1e499800c3f2e11e285
	at sun.reflect.NativeConstructorAccessorImpl.newInstance0(Native Method)
	at sun.reflect.NativeConstructorAccessorImpl.newInstance(Unknown Source)
	at sun.reflect.DelegatingConstructorAccessorImpl.newInstance(Unknown Source)
	at java.lang.reflect.Constructor.newInstance(Unknown Source)
	at org.openqa.selenium.remote.ErrorHandler.createThrowable(ErrorHandler.java:216)
	at org.openqa.selenium.remote.ErrorHandler.throwIfResponseFailed(ErrorHandler.java:168)
	at org.openqa.selenium.remote.RemoteWebDriver.execute(RemoteWebDriver.java:635)
	at org.openqa.selenium.remote.RemoteWebDriver.get(RemoteWebDriver.java:322)
	at Automation.VatEngine.GCCTest.beforeLogin(GCCTest.java:32)
	at sun.reflect.NativeMethodAccessorImpl.invoke0(Native Method)
	at sun.reflect.NativeMethodAccessorImpl.invoke(Unknown Source)
	at sun.reflect.DelegatingMethodAccessorImpl.invoke(Unknown Source)
	at java.lang.reflect.Method.invoke(Unknown Source)
	at org.testng.internal.MethodInvocationHelper.invokeMethod(MethodInvocationHelper.java:104)
	at org.testng.internal.Invoker.invokeConfigurationMethod(Invoker.java:515)
	at org.testng.internal.Invoker.invokeConfigurations(Invoker.java:217)
	at org.testng.internal.Invoker.invokeConfigurations(Invoker.java:144)
	at org.testng.internal.TestMethodWorker.invokeBeforeClassMethods(TestMethodWorker.java:169)
	at org.testng.internal.TestMethodWorker.run(TestMethodWorker.java:108)
	at org.testng.TestRunner.privateRun(TestRunner.java:756)
	at org.testng.TestRunner.run(TestRunner.java:610)
	at org.testng.SuiteRunner.runTest(SuiteRunner.java:387)
	at org.testng.SuiteRunner.runSequentially(SuiteRunner.java:382)
	at org.testng.SuiteRunner.privateRun(SuiteRunner.java:340)
	at org.testng.SuiteRunner.run(SuiteRunner.java:289)
	at org.testng.SuiteRunnerWorker.runSuite(SuiteRunnerWorker.java:52)
	at org.testng.SuiteRunnerWorker.run(SuiteRunnerWorker.java:86)
	at org.testng.TestNG.runSuitesSequentially(TestNG.java:1293)
	at org.testng.TestNG.runSuitesLocally(TestNG.java:1218)
	at org.testng.TestNG.runSuites(TestNG.java:1133)
	at org.testng.TestNG.run(TestNG.java:1104)
	at org.testng.remote.AbstractRemoteTestNG.run(AbstractRemoteTestNG.java:114)
	at org.testng.remote.RemoteTestNG.initAndRun(RemoteTestNG.java:251)
	at org.testng.remote.RemoteTestNG.main(RemoteTestNG.java:77)
]]>
    </error>
  </testcase> <!-- beforeLogin -->
</testsuite> <!-- Automation.VatEngine.GCCTest -->
