<?xml version="1.0" encoding="UTF-8"?>
<testng-results skipped="0" failed="7" ignored="0" total="18" passed="11">
  <reporter-output>
  </reporter-output>
  <suite name="Default suite" duration-ms="26005" started-at="2019-01-17T05:54:13Z" finished-at="2019-01-17T05:54:39Z">
    <groups>
    </groups>
    <test name="Default test" duration-ms="26005" started-at="2019-01-17T05:54:13Z" finished-at="2019-01-17T05:54:39Z">
      <class name="Automation.VatEngine.GCC_SoapChecks">
        <test-method status="PASS" signature="GCC_test1_BE_AEcompany_service()[pri:1, instance:Automation.VatEngine.GCC_SoapChecks@604ed9f0]" name="GCC_test1_BE_AEcompany_service" duration-ms="23936" started-at="2019-01-17T11:24:13Z" finished-at="2019-01-17T11:24:37Z">
          <reporter-output>
          </reporter-output>
        </test-method> <!-- GCC_test1_BE_AEcompany_service -->
        <test-method status="PASS" signature="afterrun()[pri:0, instance:Automation.VatEngine.GCC_SoapChecks@604ed9f0]" name="afterrun" is-config="true" duration-ms="1" started-at="2019-01-17T11:24:37Z" finished-at="2019-01-17T11:24:37Z">
          <reporter-output>
          </reporter-output>
        </test-method> <!-- afterrun -->
        <test-method status="FAIL" signature="GCC_test2_BE_AEcompany_goodsGold()[pri:2, instance:Automation.VatEngine.GCC_SoapChecks@604ed9f0]" name="GCC_test2_BE_AEcompany_goodsGold" duration-ms="394" started-at="2019-01-17T11:24:37Z" finished-at="2019-01-17T11:24:37Z">
          <exception class="java.lang.StringIndexOutOfBoundsException">
            <message>
              <![CDATA[String index out of range: -9]]>
            </message>
            <full-stacktrace>
              <![CDATA[java.lang.StringIndexOutOfBoundsException: String index out of range: -9
	at java.lang.String.substring(Unknown Source)
	at Automation.VatEngine.GCC_SoapChecks.getVatRate(GCC_SoapChecks.java:345)
	at Automation.VatEngine.GCC_SoapChecks.GCC_test2_BE_AEcompany_goodsGold(GCC_SoapChecks.java:76)
	at sun.reflect.NativeMethodAccessorImpl.invoke0(Native Method)
	at sun.reflect.NativeMethodAccessorImpl.invoke(Unknown Source)
	at sun.reflect.DelegatingMethodAccessorImpl.invoke(Unknown Source)
	at java.lang.reflect.Method.invoke(Unknown Source)
	at org.testng.internal.MethodInvocationHelper.invokeMethod(MethodInvocationHelper.java:104)
	at org.testng.internal.Invoker.invokeMethod(Invoker.java:645)
	at org.testng.internal.Invoker.invokeTestMethod(Invoker.java:851)
	at org.testng.internal.Invoker.invokeTestMethods(Invoker.java:1177)
	at org.testng.internal.TestMethodWorker.invokeTestMethods(TestMethodWorker.java:129)
	at org.testng.internal.TestMethodWorker.run(TestMethodWorker.java:112)
	at org.testng.TestRunner.privateRun(TestRunner.java:756)
	at org.testng.TestRunner.run(TestRunner.java:610)
	at org.testng.SuiteRunner.runTest(SuiteRunner.java:387)
	at org.testng.SuiteRunner.runSequentially(SuiteRunner.java:382)
	at org.testng.SuiteRunner.privateRun(SuiteRunner.java:340)
	at org.testng.SuiteRunner.run(SuiteRunner.java:289)
	at org.testng.SuiteRunnerWorker.runSuite(SuiteRunnerWorker.java:52)
	at org.testng.SuiteRunnerWorker.run(SuiteRunnerWorker.java:86)
	at org.testng.TestNG.runSuitesSequentially(TestNG.java:1293)
	at org.testng.TestNG.runSuitesLocally(TestNG.java:1218)
	at org.testng.TestNG.runSuites(TestNG.java:1133)
	at org.testng.TestNG.run(TestNG.java:1104)
	at org.testng.remote.AbstractRemoteTestNG.run(AbstractRemoteTestNG.java:114)
	at org.testng.remote.RemoteTestNG.initAndRun(RemoteTestNG.java:251)
	at org.testng.remote.RemoteTestNG.main(RemoteTestNG.java:77)
]]>
            </full-stacktrace>
          </exception> <!-- java.lang.StringIndexOutOfBoundsException -->
          <reporter-output>
          </reporter-output>
        </test-method> <!-- GCC_test2_BE_AEcompany_goodsGold -->
        <test-method status="PASS" signature="afterrun()[pri:0, instance:Automation.VatEngine.GCC_SoapChecks@604ed9f0]" name="afterrun" is-config="true" duration-ms="0" started-at="2019-01-17T11:24:37Z" finished-at="2019-01-17T11:24:37Z">
          <reporter-output>
          </reporter-output>
        </test-method> <!-- afterrun -->
        <test-method status="PASS" signature="GCC_test3_BE_AEcompany_goods()[pri:3, instance:Automation.VatEngine.GCC_SoapChecks@604ed9f0]" name="GCC_test3_BE_AEcompany_goods" duration-ms="161" started-at="2019-01-17T11:24:37Z" finished-at="2019-01-17T11:24:38Z">
          <reporter-output>
          </reporter-output>
        </test-method> <!-- GCC_test3_BE_AEcompany_goods -->
        <test-method status="PASS" signature="afterrun()[pri:0, instance:Automation.VatEngine.GCC_SoapChecks@604ed9f0]" name="afterrun" is-config="true" duration-ms="0" started-at="2019-01-17T11:24:38Z" finished-at="2019-01-17T11:24:38Z">
          <reporter-output>
          </reporter-output>
        </test-method> <!-- afterrun -->
        <test-method status="PASS" signature="GCC_test4_BE_NL_shipFromAE_shipToAE_goods()[pri:4, instance:Automation.VatEngine.GCC_SoapChecks@604ed9f0]" name="GCC_test4_BE_NL_shipFromAE_shipToAE_goods" duration-ms="154" started-at="2019-01-17T11:24:38Z" finished-at="2019-01-17T11:24:38Z">
          <reporter-output>
          </reporter-output>
        </test-method> <!-- GCC_test4_BE_NL_shipFromAE_shipToAE_goods -->
        <test-method status="PASS" signature="afterrun()[pri:0, instance:Automation.VatEngine.GCC_SoapChecks@604ed9f0]" name="afterrun" is-config="true" duration-ms="0" started-at="2019-01-17T11:24:38Z" finished-at="2019-01-17T11:24:38Z">
          <reporter-output>
          </reporter-output>
        </test-method> <!-- afterrun -->
        <test-method status="PASS" signature="GCC_test5_Export_GoodUAE_To_KSA_By_nonRes_to_KSA_VAT_regCo()[pri:5, instance:Automation.VatEngine.GCC_SoapChecks@604ed9f0]" name="GCC_test5_Export_GoodUAE_To_KSA_By_nonRes_to_KSA_VAT_regCo" duration-ms="155" started-at="2019-01-17T11:24:38Z" finished-at="2019-01-17T11:24:38Z">
          <reporter-output>
          </reporter-output>
        </test-method> <!-- GCC_test5_Export_GoodUAE_To_KSA_By_nonRes_to_KSA_VAT_regCo -->
        <test-method status="PASS" signature="afterrun()[pri:0, instance:Automation.VatEngine.GCC_SoapChecks@604ed9f0]" name="afterrun" is-config="true" duration-ms="0" started-at="2019-01-17T11:24:38Z" finished-at="2019-01-17T11:24:38Z">
          <reporter-output>
          </reporter-output>
        </test-method> <!-- afterrun -->
        <test-method status="PASS" signature="GCC_test6_Export_GoodKSA_To_UAE_By_nonRes_to_UAE_VAT_regCo()[pri:6, instance:Automation.VatEngine.GCC_SoapChecks@604ed9f0]" name="GCC_test6_Export_GoodKSA_To_UAE_By_nonRes_to_UAE_VAT_regCo" duration-ms="150" started-at="2019-01-17T11:24:38Z" finished-at="2019-01-17T11:24:38Z">
          <reporter-output>
          </reporter-output>
        </test-method> <!-- GCC_test6_Export_GoodKSA_To_UAE_By_nonRes_to_UAE_VAT_regCo -->
        <test-method status="FAIL" signature="GCC_test7_ExportOfGoodsBE_to_UAE_by_nonRes_to_UAE_VAT_regCo()[pri:7, instance:Automation.VatEngine.GCC_SoapChecks@604ed9f0]" name="GCC_test7_ExportOfGoodsBE_to_UAE_by_nonRes_to_UAE_VAT_regCo" duration-ms="11" started-at="2019-01-17T11:24:38Z" finished-at="2019-01-17T11:24:38Z">
          <exception class="java.lang.StringIndexOutOfBoundsException">
            <message>
              <![CDATA[String index out of range: -1]]>
            </message>
            <full-stacktrace>
              <![CDATA[java.lang.StringIndexOutOfBoundsException: String index out of range: -1
	at java.lang.String.substring(Unknown Source)
	at Automation.VatEngine.GCC_SoapChecks.getVatRate(GCC_SoapChecks.java:344)
	at Automation.VatEngine.GCC_SoapChecks.GCC_test7_ExportOfGoodsBE_to_UAE_by_nonRes_to_UAE_VAT_regCo(GCC_SoapChecks.java:158)
	at sun.reflect.NativeMethodAccessorImpl.invoke0(Native Method)
	at sun.reflect.NativeMethodAccessorImpl.invoke(Unknown Source)
	at sun.reflect.DelegatingMethodAccessorImpl.invoke(Unknown Source)
	at java.lang.reflect.Method.invoke(Unknown Source)
	at org.testng.internal.MethodInvocationHelper.invokeMethod(MethodInvocationHelper.java:104)
	at org.testng.internal.Invoker.invokeMethod(Invoker.java:645)
	at org.testng.internal.Invoker.invokeTestMethod(Invoker.java:851)
	at org.testng.internal.Invoker.invokeTestMethods(Invoker.java:1177)
	at org.testng.internal.TestMethodWorker.invokeTestMethods(TestMethodWorker.java:129)
	at org.testng.internal.TestMethodWorker.run(TestMethodWorker.java:112)
	at org.testng.TestRunner.privateRun(TestRunner.java:756)
	at org.testng.TestRunner.run(TestRunner.java:610)
	at org.testng.SuiteRunner.runTest(SuiteRunner.java:387)
	at org.testng.SuiteRunner.runSequentially(SuiteRunner.java:382)
	at org.testng.SuiteRunner.privateRun(SuiteRunner.java:340)
	at org.testng.SuiteRunner.run(SuiteRunner.java:289)
	at org.testng.SuiteRunnerWorker.runSuite(SuiteRunnerWorker.java:52)
	at org.testng.SuiteRunnerWorker.run(SuiteRunnerWorker.java:86)
	at org.testng.TestNG.runSuitesSequentially(TestNG.java:1293)
	at org.testng.TestNG.runSuitesLocally(TestNG.java:1218)
	at org.testng.TestNG.runSuites(TestNG.java:1133)
	at org.testng.TestNG.run(TestNG.java:1104)
	at org.testng.remote.AbstractRemoteTestNG.run(AbstractRemoteTestNG.java:114)
	at org.testng.remote.RemoteTestNG.initAndRun(RemoteTestNG.java:251)
	at org.testng.remote.RemoteTestNG.main(RemoteTestNG.java:77)
]]>
            </full-stacktrace>
          </exception> <!-- java.lang.StringIndexOutOfBoundsException -->
          <reporter-output>
          </reporter-output>
        </test-method> <!-- GCC_test7_ExportOfGoodsBE_to_UAE_by_nonRes_to_UAE_VAT_regCo -->
        <test-method status="PASS" signature="afterrun()[pri:0, instance:Automation.VatEngine.GCC_SoapChecks@604ed9f0]" name="afterrun" is-config="true" duration-ms="0" started-at="2019-01-17T11:24:38Z" finished-at="2019-01-17T11:24:38Z">
          <reporter-output>
          </reporter-output>
        </test-method> <!-- afterrun -->
        <test-method status="FAIL" signature="GCC_test8_ExportOfGoodsBE_to_KSA_by_nonRes_to_UAE_VAT_regCo()[pri:8, instance:Automation.VatEngine.GCC_SoapChecks@604ed9f0]" name="GCC_test8_ExportOfGoodsBE_to_KSA_by_nonRes_to_UAE_VAT_regCo" duration-ms="154" started-at="2019-01-17T11:24:38Z" finished-at="2019-01-17T11:24:38Z">
          <exception class="java.lang.AssertionError">
            <message>
              <![CDATA[mentioning not matching expected [true] but found [false]]]>
            </message>
            <full-stacktrace>
              <![CDATA[java.lang.AssertionError: mentioning not matching expected [true] but found [false]
	at org.testng.Assert.fail(Assert.java:94)
	at org.testng.Assert.failNotEquals(Assert.java:513)
	at org.testng.Assert.assertTrue(Assert.java:42)
	at Automation.VatEngine.GCC_SoapChecks.GCC_test8_ExportOfGoodsBE_to_KSA_by_nonRes_to_UAE_VAT_regCo(GCC_SoapChecks.java:181)
	at sun.reflect.NativeMethodAccessorImpl.invoke0(Native Method)
	at sun.reflect.NativeMethodAccessorImpl.invoke(Unknown Source)
	at sun.reflect.DelegatingMethodAccessorImpl.invoke(Unknown Source)
	at java.lang.reflect.Method.invoke(Unknown Source)
	at org.testng.internal.MethodInvocationHelper.invokeMethod(MethodInvocationHelper.java:104)
	at org.testng.internal.Invoker.invokeMethod(Invoker.java:645)
	at org.testng.internal.Invoker.invokeTestMethod(Invoker.java:851)
	at org.testng.internal.Invoker.invokeTestMethods(Invoker.java:1177)
	at org.testng.internal.TestMethodWorker.invokeTestMethods(TestMethodWorker.java:129)
	at org.testng.internal.TestMethodWorker.run(TestMethodWorker.java:112)
	at org.testng.TestRunner.privateRun(TestRunner.java:756)
	at org.testng.TestRunner.run(TestRunner.java:610)
	at org.testng.SuiteRunner.runTest(SuiteRunner.java:387)
	at org.testng.SuiteRunner.runSequentially(SuiteRunner.java:382)
	at org.testng.SuiteRunner.privateRun(SuiteRunner.java:340)
	at org.testng.SuiteRunner.run(SuiteRunner.java:289)
	at org.testng.SuiteRunnerWorker.runSuite(SuiteRunnerWorker.java:52)
	at org.testng.SuiteRunnerWorker.run(SuiteRunnerWorker.java:86)
	at org.testng.TestNG.runSuitesSequentially(TestNG.java:1293)
	at org.testng.TestNG.runSuitesLocally(TestNG.java:1218)
	at org.testng.TestNG.runSuites(TestNG.java:1133)
	at org.testng.TestNG.run(TestNG.java:1104)
	at org.testng.remote.AbstractRemoteTestNG.run(AbstractRemoteTestNG.java:114)
	at org.testng.remote.RemoteTestNG.initAndRun(RemoteTestNG.java:251)
	at org.testng.remote.RemoteTestNG.main(RemoteTestNG.java:77)
]]>
            </full-stacktrace>
          </exception> <!-- java.lang.AssertionError -->
          <reporter-output>
          </reporter-output>
        </test-method> <!-- GCC_test8_ExportOfGoodsBE_to_KSA_by_nonRes_to_UAE_VAT_regCo -->
        <test-method status="PASS" signature="afterrun()[pri:0, instance:Automation.VatEngine.GCC_SoapChecks@604ed9f0]" name="afterrun" is-config="true" duration-ms="0" started-at="2019-01-17T11:24:38Z" finished-at="2019-01-17T11:24:38Z">
          <reporter-output>
          </reporter-output>
        </test-method> <!-- afterrun -->
        <test-method status="PASS" signature="afterrun()[pri:0, instance:Automation.VatEngine.GCC_SoapChecks@604ed9f0]" name="afterrun" is-config="true" duration-ms="0" started-at="2019-01-17T11:24:38Z" finished-at="2019-01-17T11:24:38Z">
          <reporter-output>
          </reporter-output>
        </test-method> <!-- afterrun -->
        <test-method status="PASS" signature="GCC_test9_ExportOfGoodsBEnl_UAE_KSA_nonRes_to_nonRes()[pri:9, instance:Automation.VatEngine.GCC_SoapChecks@604ed9f0]" name="GCC_test9_ExportOfGoodsBEnl_UAE_KSA_nonRes_to_nonRes" duration-ms="152" started-at="2019-01-17T11:24:38Z" finished-at="2019-01-17T11:24:38Z">
          <reporter-output>
          </reporter-output>
        </test-method> <!-- GCC_test9_ExportOfGoodsBEnl_UAE_KSA_nonRes_to_nonRes -->
        <test-method status="PASS" signature="afterrun()[pri:0, instance:Automation.VatEngine.GCC_SoapChecks@604ed9f0]" name="afterrun" is-config="true" duration-ms="2" started-at="2019-01-17T11:24:38Z" finished-at="2019-01-17T11:24:38Z">
          <reporter-output>
          </reporter-output>
        </test-method> <!-- afterrun -->
        <test-method status="PASS" signature="GCC_test10_ExportOfGoodsBENL_KSA_UAE_nonRes_to_nonRes()[pri:10, instance:Automation.VatEngine.GCC_SoapChecks@604ed9f0]" name="GCC_test10_ExportOfGoodsBENL_KSA_UAE_nonRes_to_nonRes" duration-ms="147" started-at="2019-01-17T11:24:38Z" finished-at="2019-01-17T11:24:38Z">
          <reporter-output>
          </reporter-output>
        </test-method> <!-- GCC_test10_ExportOfGoodsBENL_KSA_UAE_nonRes_to_nonRes -->
        <test-method status="PASS" signature="afterrun()[pri:0, instance:Automation.VatEngine.GCC_SoapChecks@604ed9f0]" name="afterrun" is-config="true" duration-ms="0" started-at="2019-01-17T11:24:38Z" finished-at="2019-01-17T11:24:38Z">
          <reporter-output>
          </reporter-output>
        </test-method> <!-- afterrun -->
        <test-method status="PASS" signature="GCC_test11_LocalSaleGoods_UAE_UAE_toRegistered_UAECompany()[pri:11, instance:Automation.VatEngine.GCC_SoapChecks@604ed9f0]" name="GCC_test11_LocalSaleGoods_UAE_UAE_toRegistered_UAECompany" duration-ms="59" started-at="2019-01-17T11:24:38Z" finished-at="2019-01-17T11:24:39Z">
          <reporter-output>
          </reporter-output>
        </test-method> <!-- GCC_test11_LocalSaleGoods_UAE_UAE_toRegistered_UAECompany -->
        <test-method status="PASS" signature="afterrun()[pri:0, instance:Automation.VatEngine.GCC_SoapChecks@604ed9f0]" name="afterrun" is-config="true" duration-ms="0" started-at="2019-01-17T11:24:39Z" finished-at="2019-01-17T11:24:39Z">
          <reporter-output>
          </reporter-output>
        </test-method> <!-- afterrun -->
        <test-method status="PASS" signature="GCC_test12_LocalSaleServices_UAE_UAE_toRegistered_UAECompany()[pri:12, instance:Automation.VatEngine.GCC_SoapChecks@604ed9f0]" name="GCC_test12_LocalSaleServices_UAE_UAE_toRegistered_UAECompany" duration-ms="58" started-at="2019-01-17T11:24:39Z" finished-at="2019-01-17T11:24:39Z">
          <reporter-output>
          </reporter-output>
        </test-method> <!-- GCC_test12_LocalSaleServices_UAE_UAE_toRegistered_UAECompany -->
        <test-method status="PASS" signature="afterrun()[pri:0, instance:Automation.VatEngine.GCC_SoapChecks@604ed9f0]" name="afterrun" is-config="true" duration-ms="0" started-at="2019-01-17T11:24:39Z" finished-at="2019-01-17T11:24:39Z">
          <reporter-output>
          </reporter-output>
        </test-method> <!-- afterrun -->
        <test-method status="PASS" signature="GCC_test13_LocalSaleGoods_KSA_KSA_toRegisteredKSAComp()[pri:13, instance:Automation.VatEngine.GCC_SoapChecks@604ed9f0]" name="GCC_test13_LocalSaleGoods_KSA_KSA_toRegisteredKSAComp" duration-ms="218" started-at="2019-01-17T11:24:39Z" finished-at="2019-01-17T11:24:39Z">
          <reporter-output>
          </reporter-output>
        </test-method> <!-- GCC_test13_LocalSaleGoods_KSA_KSA_toRegisteredKSAComp -->
        <test-method status="PASS" signature="GCC_test14_LocalSaleServicesB2B_KSA_KSA_toRegisteredKSAComp()[pri:14, instance:Automation.VatEngine.GCC_SoapChecks@604ed9f0]" name="GCC_test14_LocalSaleServicesB2B_KSA_KSA_toRegisteredKSAComp" duration-ms="139" started-at="2019-01-17T11:24:39Z" finished-at="2019-01-17T11:24:39Z">
          <reporter-output>
          </reporter-output>
        </test-method> <!-- GCC_test14_LocalSaleServicesB2B_KSA_KSA_toRegisteredKSAComp -->
        <test-method status="PASS" signature="afterrun()[pri:0, instance:Automation.VatEngine.GCC_SoapChecks@604ed9f0]" name="afterrun" is-config="true" duration-ms="0" started-at="2019-01-17T11:24:39Z" finished-at="2019-01-17T11:24:39Z">
          <reporter-output>
          </reporter-output>
        </test-method> <!-- afterrun -->
        <test-method status="PASS" signature="afterrun()[pri:0, instance:Automation.VatEngine.GCC_SoapChecks@604ed9f0]" name="afterrun" is-config="true" duration-ms="0" started-at="2019-01-17T11:24:39Z" finished-at="2019-01-17T11:24:39Z">
          <reporter-output>
          </reporter-output>
        </test-method> <!-- afterrun -->
        <test-method status="FAIL" signature="GCC_test15_LocalTransportGoodsByNonResCompToUAERegComp()[pri:15, instance:Automation.VatEngine.GCC_SoapChecks@604ed9f0]" name="GCC_test15_LocalTransportGoodsByNonResCompToUAERegComp" duration-ms="7" started-at="2019-01-17T11:24:39Z" finished-at="2019-01-17T11:24:39Z">
          <exception class="java.lang.StringIndexOutOfBoundsException">
            <message>
              <![CDATA[String index out of range: -1]]>
            </message>
            <full-stacktrace>
              <![CDATA[java.lang.StringIndexOutOfBoundsException: String index out of range: -1
	at java.lang.String.substring(Unknown Source)
	at Automation.VatEngine.GCC_SoapChecks.getVatRate(GCC_SoapChecks.java:344)
	at Automation.VatEngine.GCC_SoapChecks.GCC_test15_LocalTransportGoodsByNonResCompToUAERegComp(GCC_SoapChecks.java:285)
	at sun.reflect.NativeMethodAccessorImpl.invoke0(Native Method)
	at sun.reflect.NativeMethodAccessorImpl.invoke(Unknown Source)
	at sun.reflect.DelegatingMethodAccessorImpl.invoke(Unknown Source)
	at java.lang.reflect.Method.invoke(Unknown Source)
	at org.testng.internal.MethodInvocationHelper.invokeMethod(MethodInvocationHelper.java:104)
	at org.testng.internal.Invoker.invokeMethod(Invoker.java:645)
	at org.testng.internal.Invoker.invokeTestMethod(Invoker.java:851)
	at org.testng.internal.Invoker.invokeTestMethods(Invoker.java:1177)
	at org.testng.internal.TestMethodWorker.invokeTestMethods(TestMethodWorker.java:129)
	at org.testng.internal.TestMethodWorker.run(TestMethodWorker.java:112)
	at org.testng.TestRunner.privateRun(TestRunner.java:756)
	at org.testng.TestRunner.run(TestRunner.java:610)
	at org.testng.SuiteRunner.runTest(SuiteRunner.java:387)
	at org.testng.SuiteRunner.runSequentially(SuiteRunner.java:382)
	at org.testng.SuiteRunner.privateRun(SuiteRunner.java:340)
	at org.testng.SuiteRunner.run(SuiteRunner.java:289)
	at org.testng.SuiteRunnerWorker.runSuite(SuiteRunnerWorker.java:52)
	at org.testng.SuiteRunnerWorker.run(SuiteRunnerWorker.java:86)
	at org.testng.TestNG.runSuitesSequentially(TestNG.java:1293)
	at org.testng.TestNG.runSuitesLocally(TestNG.java:1218)
	at org.testng.TestNG.runSuites(TestNG.java:1133)
	at org.testng.TestNG.run(TestNG.java:1104)
	at org.testng.remote.AbstractRemoteTestNG.run(AbstractRemoteTestNG.java:114)
	at org.testng.remote.RemoteTestNG.initAndRun(RemoteTestNG.java:251)
	at org.testng.remote.RemoteTestNG.main(RemoteTestNG.java:77)
]]>
            </full-stacktrace>
          </exception> <!-- java.lang.StringIndexOutOfBoundsException -->
          <reporter-output>
          </reporter-output>
        </test-method> <!-- GCC_test15_LocalTransportGoodsByNonResCompToUAERegComp -->
        <test-method status="FAIL" signature="GCC_test16_LocalTransportGoodsByNonResCompToUAENonResComp()[pri:16, instance:Automation.VatEngine.GCC_SoapChecks@604ed9f0]" name="GCC_test16_LocalTransportGoodsByNonResCompToUAENonResComp" duration-ms="11" started-at="2019-01-17T11:24:39Z" finished-at="2019-01-17T11:24:39Z">
          <exception class="java.lang.StringIndexOutOfBoundsException">
            <message>
              <![CDATA[String index out of range: -1]]>
            </message>
            <full-stacktrace>
              <![CDATA[java.lang.StringIndexOutOfBoundsException: String index out of range: -1
	at java.lang.String.substring(Unknown Source)
	at Automation.VatEngine.GCC_SoapChecks.getVatRate(GCC_SoapChecks.java:344)
	at Automation.VatEngine.GCC_SoapChecks.GCC_test16_LocalTransportGoodsByNonResCompToUAENonResComp(GCC_SoapChecks.java:301)
	at sun.reflect.NativeMethodAccessorImpl.invoke0(Native Method)
	at sun.reflect.NativeMethodAccessorImpl.invoke(Unknown Source)
	at sun.reflect.DelegatingMethodAccessorImpl.invoke(Unknown Source)
	at java.lang.reflect.Method.invoke(Unknown Source)
	at org.testng.internal.MethodInvocationHelper.invokeMethod(MethodInvocationHelper.java:104)
	at org.testng.internal.Invoker.invokeMethod(Invoker.java:645)
	at org.testng.internal.Invoker.invokeTestMethod(Invoker.java:851)
	at org.testng.internal.Invoker.invokeTestMethods(Invoker.java:1177)
	at org.testng.internal.TestMethodWorker.invokeTestMethods(TestMethodWorker.java:129)
	at org.testng.internal.TestMethodWorker.run(TestMethodWorker.java:112)
	at org.testng.TestRunner.privateRun(TestRunner.java:756)
	at org.testng.TestRunner.run(TestRunner.java:610)
	at org.testng.SuiteRunner.runTest(SuiteRunner.java:387)
	at org.testng.SuiteRunner.runSequentially(SuiteRunner.java:382)
	at org.testng.SuiteRunner.privateRun(SuiteRunner.java:340)
	at org.testng.SuiteRunner.run(SuiteRunner.java:289)
	at org.testng.SuiteRunnerWorker.runSuite(SuiteRunnerWorker.java:52)
	at org.testng.SuiteRunnerWorker.run(SuiteRunnerWorker.java:86)
	at org.testng.TestNG.runSuitesSequentially(TestNG.java:1293)
	at org.testng.TestNG.runSuitesLocally(TestNG.java:1218)
	at org.testng.TestNG.runSuites(TestNG.java:1133)
	at org.testng.TestNG.run(TestNG.java:1104)
	at org.testng.remote.AbstractRemoteTestNG.run(AbstractRemoteTestNG.java:114)
	at org.testng.remote.RemoteTestNG.initAndRun(RemoteTestNG.java:251)
	at org.testng.remote.RemoteTestNG.main(RemoteTestNG.java:77)
]]>
            </full-stacktrace>
          </exception> <!-- java.lang.StringIndexOutOfBoundsException -->
          <reporter-output>
          </reporter-output>
        </test-method> <!-- GCC_test16_LocalTransportGoodsByNonResCompToUAENonResComp -->
        <test-method status="PASS" signature="afterrun()[pri:0, instance:Automation.VatEngine.GCC_SoapChecks@604ed9f0]" name="afterrun" is-config="true" duration-ms="0" started-at="2019-01-17T11:24:39Z" finished-at="2019-01-17T11:24:39Z">
          <reporter-output>
          </reporter-output>
        </test-method> <!-- afterrun -->
        <test-method status="PASS" signature="afterrun()[pri:0, instance:Automation.VatEngine.GCC_SoapChecks@604ed9f0]" name="afterrun" is-config="true" duration-ms="1" started-at="2019-01-17T11:24:39Z" finished-at="2019-01-17T11:24:39Z">
          <reporter-output>
          </reporter-output>
        </test-method> <!-- afterrun -->
        <test-method status="FAIL" signature="GCC_test17_LocalTransportGoodsByNonResCompToUAENonResPrivCompany()[pri:17, instance:Automation.VatEngine.GCC_SoapChecks@604ed9f0]" name="GCC_test17_LocalTransportGoodsByNonResCompToUAENonResPrivCompany" duration-ms="8" started-at="2019-01-17T11:24:39Z" finished-at="2019-01-17T11:24:39Z">
          <exception class="java.lang.StringIndexOutOfBoundsException">
            <message>
              <![CDATA[String index out of range: -1]]>
            </message>
            <full-stacktrace>
              <![CDATA[java.lang.StringIndexOutOfBoundsException: String index out of range: -1
	at java.lang.String.substring(Unknown Source)
	at Automation.VatEngine.GCC_SoapChecks.getVatRate(GCC_SoapChecks.java:344)
	at Automation.VatEngine.GCC_SoapChecks.GCC_test17_LocalTransportGoodsByNonResCompToUAENonResPrivCompany(GCC_SoapChecks.java:317)
	at sun.reflect.NativeMethodAccessorImpl.invoke0(Native Method)
	at sun.reflect.NativeMethodAccessorImpl.invoke(Unknown Source)
	at sun.reflect.DelegatingMethodAccessorImpl.invoke(Unknown Source)
	at java.lang.reflect.Method.invoke(Unknown Source)
	at org.testng.internal.MethodInvocationHelper.invokeMethod(MethodInvocationHelper.java:104)
	at org.testng.internal.Invoker.invokeMethod(Invoker.java:645)
	at org.testng.internal.Invoker.invokeTestMethod(Invoker.java:851)
	at org.testng.internal.Invoker.invokeTestMethods(Invoker.java:1177)
	at org.testng.internal.TestMethodWorker.invokeTestMethods(TestMethodWorker.java:129)
	at org.testng.internal.TestMethodWorker.run(TestMethodWorker.java:112)
	at org.testng.TestRunner.privateRun(TestRunner.java:756)
	at org.testng.TestRunner.run(TestRunner.java:610)
	at org.testng.SuiteRunner.runTest(SuiteRunner.java:387)
	at org.testng.SuiteRunner.runSequentially(SuiteRunner.java:382)
	at org.testng.SuiteRunner.privateRun(SuiteRunner.java:340)
	at org.testng.SuiteRunner.run(SuiteRunner.java:289)
	at org.testng.SuiteRunnerWorker.runSuite(SuiteRunnerWorker.java:52)
	at org.testng.SuiteRunnerWorker.run(SuiteRunnerWorker.java:86)
	at org.testng.TestNG.runSuitesSequentially(TestNG.java:1293)
	at org.testng.TestNG.runSuitesLocally(TestNG.java:1218)
	at org.testng.TestNG.runSuites(TestNG.java:1133)
	at org.testng.TestNG.run(TestNG.java:1104)
	at org.testng.remote.AbstractRemoteTestNG.run(AbstractRemoteTestNG.java:114)
	at org.testng.remote.RemoteTestNG.initAndRun(RemoteTestNG.java:251)
	at org.testng.remote.RemoteTestNG.main(RemoteTestNG.java:77)
]]>
            </full-stacktrace>
          </exception> <!-- java.lang.StringIndexOutOfBoundsException -->
          <reporter-output>
          </reporter-output>
        </test-method> <!-- GCC_test17_LocalTransportGoodsByNonResCompToUAENonResPrivCompany -->
        <test-method status="FAIL" signature="BH_test1_B2BHiringOfMeansofTransportServices_RentingVehicle()[pri:18, instance:Automation.VatEngine.GCC_SoapChecks@604ed9f0]" name="BH_test1_B2BHiringOfMeansofTransportServices_RentingVehicle" duration-ms="13" started-at="2019-01-17T11:24:39Z" finished-at="2019-01-17T11:24:39Z">
          <exception class="java.lang.StringIndexOutOfBoundsException">
            <message>
              <![CDATA[String index out of range: -1]]>
            </message>
            <full-stacktrace>
              <![CDATA[java.lang.StringIndexOutOfBoundsException: String index out of range: -1
	at java.lang.String.substring(Unknown Source)
	at Automation.VatEngine.GCC_SoapChecks.getVatRate(GCC_SoapChecks.java:344)
	at Automation.VatEngine.GCC_SoapChecks.BH_test1_B2BHiringOfMeansofTransportServices_RentingVehicle(GCC_SoapChecks.java:334)
	at sun.reflect.NativeMethodAccessorImpl.invoke0(Native Method)
	at sun.reflect.NativeMethodAccessorImpl.invoke(Unknown Source)
	at sun.reflect.DelegatingMethodAccessorImpl.invoke(Unknown Source)
	at java.lang.reflect.Method.invoke(Unknown Source)
	at org.testng.internal.MethodInvocationHelper.invokeMethod(MethodInvocationHelper.java:104)
	at org.testng.internal.Invoker.invokeMethod(Invoker.java:645)
	at org.testng.internal.Invoker.invokeTestMethod(Invoker.java:851)
	at org.testng.internal.Invoker.invokeTestMethods(Invoker.java:1177)
	at org.testng.internal.TestMethodWorker.invokeTestMethods(TestMethodWorker.java:129)
	at org.testng.internal.TestMethodWorker.run(TestMethodWorker.java:112)
	at org.testng.TestRunner.privateRun(TestRunner.java:756)
	at org.testng.TestRunner.run(TestRunner.java:610)
	at org.testng.SuiteRunner.runTest(SuiteRunner.java:387)
	at org.testng.SuiteRunner.runSequentially(SuiteRunner.java:382)
	at org.testng.SuiteRunner.privateRun(SuiteRunner.java:340)
	at org.testng.SuiteRunner.run(SuiteRunner.java:289)
	at org.testng.SuiteRunnerWorker.runSuite(SuiteRunnerWorker.java:52)
	at org.testng.SuiteRunnerWorker.run(SuiteRunnerWorker.java:86)
	at org.testng.TestNG.runSuitesSequentially(TestNG.java:1293)
	at org.testng.TestNG.runSuitesLocally(TestNG.java:1218)
	at org.testng.TestNG.runSuites(TestNG.java:1133)
	at org.testng.TestNG.run(TestNG.java:1104)
	at org.testng.remote.AbstractRemoteTestNG.run(AbstractRemoteTestNG.java:114)
	at org.testng.remote.RemoteTestNG.initAndRun(RemoteTestNG.java:251)
	at org.testng.remote.RemoteTestNG.main(RemoteTestNG.java:77)
]]>
            </full-stacktrace>
          </exception> <!-- java.lang.StringIndexOutOfBoundsException -->
          <reporter-output>
          </reporter-output>
        </test-method> <!-- BH_test1_B2BHiringOfMeansofTransportServices_RentingVehicle -->
        <test-method status="PASS" signature="afterrun()[pri:0, instance:Automation.VatEngine.GCC_SoapChecks@604ed9f0]" name="afterrun" is-config="true" duration-ms="0" started-at="2019-01-17T11:24:39Z" finished-at="2019-01-17T11:24:39Z">
          <reporter-output>
          </reporter-output>
        </test-method> <!-- afterrun -->
        <test-method status="PASS" signature="afterrun()[pri:0, instance:Automation.VatEngine.GCC_SoapChecks@604ed9f0]" name="afterrun" is-config="true" duration-ms="0" started-at="2019-01-17T11:24:39Z" finished-at="2019-01-17T11:24:39Z">
          <reporter-output>
          </reporter-output>
        </test-method> <!-- afterrun -->
      </class> <!-- Automation.VatEngine.GCC_SoapChecks -->
    </test> <!-- Default test -->
  </suite> <!-- Default suite -->
</testng-results>
